-------------------------------------------------------------------------------
Test set: com.example.demo.UserServiceApplicationTests
-------------------------------------------------------------------------------
Tests run: 1, Failures: 0, Errors: 1, Skipped: 0, Time elapsed: 10.17 s <<< FAILURE! - in com.example.demo.UserServiceApplicationTests
contextLoads  Time elapsed: 0 s  <<< ERROR!
java.lang.IllegalStateException: Failed to load ApplicationContext
Caused by: org.springframework.beans.factory.BeanDefinitionStoreException: Failed to process import candidates for configuration class [com.example.demo.UserServiceApplication]; nested exception is java.lang.IllegalStateException: Error processing condition on de.codecentric.boot.admin.client.config.SpringBootAdminClientCloudFoundryAutoConfiguration
Caused by: java.lang.IllegalStateException: Error processing condition on de.codecentric.boot.admin.client.config.SpringBootAdminClientCloudFoundryAutoConfiguration
Caused by: org.springframework.boot.context.properties.bind.BindException: Failed to bind properties under 'spring.boot.admin.client' to de.codecentric.boot.admin.client.config.ClientProperties
Caused by: org.springframework.core.convert.ConverterNotFoundException: No converter found capable of converting from type [java.lang.String] to type [de.codecentric.boot.admin.client.config.ClientProperties]

